2017-04-10 21:12:50 INFO  LogHelper:31 - HHH000204: Processing PersistenceUnitInfo [
	name: default
	...]
2017-04-10 21:12:50 INFO  Version:45 - HHH000412: Hibernate Core {5.2.6.Final}
2017-04-10 21:12:50 INFO  Environment:213 - HHH000206: hibernate.properties not found
2017-04-10 21:12:50 INFO  Version:66 - HCANN000001: Hibernate Commons Annotations {5.0.1.Final}
2017-04-10 21:12:50 INFO  Dialect:157 - HHH000400: Using dialect: org.hibernate.dialect.PostgreSQL94Dialect
2017-04-10 21:12:50 INFO  LobCreatorBuilderImpl:124 - HHH000424: Disabling contextual LOB creation as createClob() method threw error : java.lang.reflect.InvocationTargetException
2017-04-10 21:12:50 INFO  BasicTypeRegistry:148 - HHH000270: Type registration [java.util.UUID] overrides previous : org.hibernate.type.UUIDBinaryType@c9e01f6
2017-04-10 21:12:51 INFO  QueryTranslatorFactoryInitiator:47 - HHH000397: Using ASTQueryTranslatorFactory
2017-04-10 21:13:19 INFO  LogHelper:31 - HHH000204: Processing PersistenceUnitInfo [
	name: default
	...]
2017-04-10 21:13:19 INFO  Version:45 - HHH000412: Hibernate Core {5.2.6.Final}
2017-04-10 21:13:19 INFO  Environment:213 - HHH000206: hibernate.properties not found
2017-04-10 21:13:19 INFO  Version:66 - HCANN000001: Hibernate Commons Annotations {5.0.1.Final}
2017-04-10 21:13:20 INFO  Dialect:157 - HHH000400: Using dialect: org.hibernate.dialect.PostgreSQL94Dialect
2017-04-10 21:13:20 INFO  LobCreatorBuilderImpl:124 - HHH000424: Disabling contextual LOB creation as createClob() method threw error : java.lang.reflect.InvocationTargetException
2017-04-10 21:13:20 INFO  BasicTypeRegistry:148 - HHH000270: Type registration [java.util.UUID] overrides previous : org.hibernate.type.UUIDBinaryType@7349f38f
2017-04-10 21:13:21 INFO  QueryTranslatorFactoryInitiator:47 - HHH000397: Using ASTQueryTranslatorFactory
2017-04-10 21:13:36 INFO  AuthController:46 - Autenticate method with token generating
2017-04-10 21:13:36 INFO  UserController:128 - Start loadUserByUsername method
2017-04-10 21:13:38 INFO  UserController:128 - Start loadUserByUsername method
2017-04-10 21:13:40 INFO  UserController:54 - Start loadNewsById method
2017-04-10 21:13:42 INFO  FriendsController:121 - Start loadFriendsById method
2017-04-10 21:13:43 INFO  UserController:78 - Start loadPossibleFriends method
2017-04-10 21:13:44 INFO  FriendsController:67 - Start loadRequestedFriendsById method
2017-04-10 21:13:46 INFO  UserController:100 - Start loadNewsByFriends method
2017-04-12 06:56:32 INFO  LogHelper:31 - HHH000204: Processing PersistenceUnitInfo [
	name: default
	...]
2017-04-12 06:56:32 INFO  Version:45 - HHH000412: Hibernate Core {5.2.6.Final}
2017-04-12 06:56:32 INFO  Environment:213 - HHH000206: hibernate.properties not found
2017-04-12 06:56:33 INFO  Version:66 - HCANN000001: Hibernate Commons Annotations {5.0.1.Final}
2017-04-12 06:56:33 INFO  Dialect:157 - HHH000400: Using dialect: org.hibernate.dialect.PostgreSQL94Dialect
2017-04-12 06:56:33 INFO  LobCreatorBuilderImpl:124 - HHH000424: Disabling contextual LOB creation as createClob() method threw error : java.lang.reflect.InvocationTargetException
2017-04-12 06:56:33 INFO  BasicTypeRegistry:148 - HHH000270: Type registration [java.util.UUID] overrides previous : org.hibernate.type.UUIDBinaryType@4e32a6f2
2017-04-12 06:56:35 INFO  QueryTranslatorFactoryInitiator:47 - HHH000397: Using ASTQueryTranslatorFactory
2017-04-12 06:57:09 INFO  AuthController:46 - Autenticate method with token generating
2017-04-12 06:57:09 INFO  UserController:128 - Start loadUserByUsername method
2017-04-12 06:57:14 INFO  UserController:100 - Start loadNewsByFriends method
2017-04-12 06:57:16 INFO  UserController:128 - Start loadUserByUsername method
2017-04-12 06:57:19 INFO  UserController:54 - Start loadNewsById method
2017-04-12 06:57:40 INFO  UserController:69 - Start createNews method
2017-04-12 06:57:44 INFO  UserController:128 - Start loadUserByUsername method
2017-04-12 06:57:44 INFO  UserController:54 - Start loadNewsById method
2017-04-12 06:57:48 INFO  UserController:85 - Start deleteNews method
2017-04-12 06:57:48 INFO  UserController:54 - Start loadNewsById method
2017-04-12 06:57:58 INFO  FriendsController:121 - Start loadFriendsById method
2017-04-12 06:57:59 INFO  UserController:78 - Start loadPossibleFriends method
2017-04-12 11:40:27 INFO  LogHelper:31 - HHH000204: Processing PersistenceUnitInfo [
	name: default
	...]
2017-04-12 11:40:27 INFO  Version:45 - HHH000412: Hibernate Core {5.2.6.Final}
2017-04-12 11:40:27 INFO  Environment:213 - HHH000206: hibernate.properties not found
2017-04-12 11:40:27 INFO  Version:66 - HCANN000001: Hibernate Commons Annotations {5.0.1.Final}
2017-04-12 11:40:28 INFO  Dialect:157 - HHH000400: Using dialect: org.hibernate.dialect.PostgreSQL94Dialect
2017-04-12 11:40:28 INFO  LobCreatorBuilderImpl:124 - HHH000424: Disabling contextual LOB creation as createClob() method threw error : java.lang.reflect.InvocationTargetException
2017-04-12 11:40:28 INFO  BasicTypeRegistry:148 - HHH000270: Type registration [java.util.UUID] overrides previous : org.hibernate.type.UUIDBinaryType@4bae79c9
2017-04-12 11:40:30 INFO  QueryTranslatorFactoryInitiator:47 - HHH000397: Using ASTQueryTranslatorFactory
2017-04-12 11:41:04 INFO  AuthController:46 - Autenticate method with token generating
2017-04-12 11:41:04 INFO  UserController:128 - Start loadUserByUsername method
2017-04-12 11:41:07 INFO  UserController:128 - Start loadUserByUsername method
2017-04-12 11:41:09 INFO  UserController:54 - Start loadNewsById method
2017-04-12 12:22:49 INFO  AuthController:46 - Autenticate method with token generating
2017-04-12 12:22:49 INFO  UserController:128 - Start loadUserByUsername method
2017-04-12 12:22:51 INFO  UserController:128 - Start loadUserByUsername method
2017-04-12 12:22:53 INFO  UserController:54 - Start loadNewsById method
2017-04-12 12:23:27 INFO  UserController:69 - Start createNews method
2017-04-12 12:23:51 INFO  UserController:69 - Start createNews method
2017-04-12 12:23:55 INFO  UserController:128 - Start loadUserByUsername method
2017-04-12 12:23:56 INFO  UserController:54 - Start loadNewsById method
2017-04-12 12:23:58 INFO  FriendsController:121 - Start loadFriendsById method
2017-04-12 12:24:00 INFO  UserController:78 - Start loadPossibleFriends method
2017-04-12 12:24:05 INFO  FriendsController:67 - Start loadRequestedFriendsById method
2017-04-12 12:24:06 INFO  UserController:100 - Start loadNewsByFriends method
2017-04-12 12:24:51 INFO  AuthController:46 - Autenticate method with token generating
2017-04-12 12:24:51 INFO  UserController:128 - Start loadUserByUsername method
2017-04-12 12:24:59 INFO  UserController:54 - Start loadNewsById method
2017-04-12 12:25:21 INFO  UserController:69 - Start createNews method
2017-04-12 12:25:48 INFO  UserController:69 - Start createNews method
2017-04-12 12:25:49 INFO  UserController:100 - Start loadNewsByFriends method
2017-04-12 12:25:50 INFO  FriendsController:67 - Start loadRequestedFriendsById method
2017-04-12 12:25:52 INFO  UserController:78 - Start loadPossibleFriends method
2017-04-12 12:26:39 INFO  UserController:100 - Start loadNewsByFriends method
2017-04-12 12:26:43 INFO  FriendsController:121 - Start loadFriendsById method
2017-04-12 12:26:47 INFO  UserController:100 - Start loadNewsByFriends method
2017-04-12 12:26:48 INFO  FriendsController:67 - Start loadRequestedFriendsById method
2017-04-12 12:26:50 INFO  UserController:78 - Start loadPossibleFriends method
2017-04-12 12:26:51 INFO  UserController:100 - Start loadNewsByFriends method
2017-04-12 12:26:53 INFO  FriendsController:121 - Start loadFriendsById method
2017-04-12 12:27:13 INFO  UserController:128 - Start loadUserByUsername method
2017-04-12 12:27:13 INFO  FriendsController:121 - Start loadFriendsById method
2017-04-12 12:27:16 INFO  UserController:100 - Start loadNewsByFriends method
2017-04-12 12:27:17 INFO  FriendsController:67 - Start loadRequestedFriendsById method
2017-04-12 12:27:19 INFO  UserController:78 - Start loadPossibleFriends method
2017-04-12 12:27:20 INFO  FriendsController:121 - Start loadFriendsById method
2017-04-12 12:27:33 INFO  AuthController:46 - Autenticate method with token generating
2017-04-12 12:27:33 INFO  UserController:128 - Start loadUserByUsername method
2017-04-12 12:27:35 INFO  UserController:100 - Start loadNewsByFriends method
2017-04-12 12:28:24 INFO  AuthController:46 - Autenticate method with token generating
2017-04-12 12:28:24 INFO  UserController:128 - Start loadUserByUsername method
2017-04-12 12:28:25 INFO  UserController:100 - Start loadNewsByFriends method
2017-04-12 12:28:30 INFO  UserController:128 - Start loadUserByUsername method
2017-04-12 12:28:31 INFO  UserController:54 - Start loadNewsById method
2017-04-12 12:28:34 INFO  FriendsController:121 - Start loadFriendsById method
2017-04-12 12:28:36 INFO  UserController:78 - Start loadPossibleFriends method
2017-04-12 12:28:38 INFO  FriendsController:67 - Start loadRequestedFriendsById method
2017-04-12 12:28:50 INFO  AuthController:46 - Autenticate method with token generating
2017-04-12 12:28:50 INFO  UserController:128 - Start loadUserByUsername method
2017-04-12 12:28:53 INFO  FriendsController:121 - Start loadFriendsById method
2017-04-12 12:28:54 INFO  UserController:100 - Start loadNewsByFriends method
2017-04-12 12:28:55 INFO  FriendsController:67 - Start loadRequestedFriendsById method
2017-04-12 12:28:57 INFO  UserController:78 - Start loadPossibleFriends method
2017-04-12 12:28:59 INFO  UserController:100 - Start loadNewsByFriends method
2017-04-12 12:29:19 INFO  FriendsController:67 - Start loadRequestedFriendsById method
2017-04-12 12:29:21 INFO  FriendsController:121 - Start loadFriendsById method
2017-04-12 12:29:23 INFO  UserController:100 - Start loadNewsByFriends method
2017-04-12 12:29:28 INFO  FriendsController:67 - Start loadRequestedFriendsById method
2017-04-12 12:29:30 INFO  UserController:78 - Start loadPossibleFriends method
2017-04-12 12:29:34 INFO  FriendsController:121 - Start loadFriendsById method
2017-04-12 12:29:38 INFO  UserController:78 - Start loadPossibleFriends method
2017-04-12 12:29:40 INFO  FriendsController:121 - Start loadFriendsById method
2017-04-12 12:29:43 INFO  UserController:78 - Start loadPossibleFriends method
2017-04-12 12:29:44 INFO  FriendsController:67 - Start loadRequestedFriendsById method
2017-04-12 12:29:48 INFO  UserController:100 - Start loadNewsByFriends method
2017-04-12 12:30:05 INFO  AuthController:46 - Autenticate method with token generating
2017-04-12 12:30:05 INFO  UserController:128 - Start loadUserByUsername method
2017-04-12 12:30:07 INFO  UserController:128 - Start loadUserByUsername method
2017-04-12 12:30:12 INFO  UserController:54 - Start loadNewsById method
2017-04-12 12:30:14 INFO  FriendsController:121 - Start loadFriendsById method
2017-04-12 12:30:17 INFO  UserController:78 - Start loadPossibleFriends method
2017-04-12 12:30:18 INFO  FriendsController:121 - Start loadFriendsById method
2017-04-12 12:30:20 INFO  FriendsController:67 - Start loadRequestedFriendsById method
2017-04-12 12:30:26 INFO  UserController:100 - Start loadNewsByFriends method
2017-04-12 12:30:34 INFO  FriendsController:67 - Start loadRequestedFriendsById method
2017-04-12 12:30:36 INFO  UserController:78 - Start loadPossibleFriends method
2017-04-12 12:30:39 INFO  FriendsController:121 - Start loadFriendsById method
2017-04-12 12:30:41 INFO  UserController:100 - Start loadNewsByFriends method
2017-04-12 12:34:12 INFO  LogHelper:31 - HHH000204: Processing PersistenceUnitInfo [
	name: default
	...]
2017-04-12 12:34:12 INFO  Version:45 - HHH000412: Hibernate Core {5.2.6.Final}
2017-04-12 12:34:12 INFO  Environment:213 - HHH000206: hibernate.properties not found
2017-04-12 12:34:12 INFO  Version:66 - HCANN000001: Hibernate Commons Annotations {5.0.1.Final}
2017-04-12 12:34:12 INFO  Dialect:157 - HHH000400: Using dialect: org.hibernate.dialect.PostgreSQL94Dialect
2017-04-12 12:34:13 INFO  LobCreatorBuilderImpl:124 - HHH000424: Disabling contextual LOB creation as createClob() method threw error : java.lang.reflect.InvocationTargetException
2017-04-12 12:34:13 INFO  BasicTypeRegistry:148 - HHH000270: Type registration [java.util.UUID] overrides previous : org.hibernate.type.UUIDBinaryType@78618235
2017-04-12 12:34:14 INFO  QueryTranslatorFactoryInitiator:47 - HHH000397: Using ASTQueryTranslatorFactory
2017-04-12 12:34:19 INFO  UserController:128 - Start loadUserByUsername method
2017-04-12 12:34:19 INFO  UserController:100 - Start loadNewsByFriends method
2017-04-12 12:34:22 INFO  UserController:54 - Start loadNewsById method
2017-04-12 12:35:14 INFO  UserController:69 - Start createNews method
2017-04-12 12:35:18 INFO  FriendsController:67 - Start loadRequestedFriendsById method
2017-04-12 12:35:19 INFO  UserController:78 - Start loadPossibleFriends method
2017-04-12 12:35:20 INFO  FriendsController:121 - Start loadFriendsById method
2017-04-12 12:35:22 INFO  UserController:78 - Start loadPossibleFriends method
2017-04-12 12:35:24 INFO  FriendsController:121 - Start loadFriendsById method
2017-04-12 12:35:26 INFO  FriendsController:67 - Start loadRequestedFriendsById method
2017-04-12 12:35:27 INFO  UserController:100 - Start loadNewsByFriends method
2017-04-12 12:35:35 INFO  UserController:54 - Start loadNewsById method
2017-04-12 13:26:00 INFO  LogHelper:31 - HHH000204: Processing PersistenceUnitInfo [
	name: default
	...]
2017-04-12 13:26:00 INFO  Version:45 - HHH000412: Hibernate Core {5.2.6.Final}
2017-04-12 13:26:00 INFO  Environment:213 - HHH000206: hibernate.properties not found
2017-04-12 13:26:00 INFO  Version:66 - HCANN000001: Hibernate Commons Annotations {5.0.1.Final}
2017-04-12 13:26:00 INFO  Dialect:157 - HHH000400: Using dialect: org.hibernate.dialect.PostgreSQL94Dialect
2017-04-12 13:26:00 INFO  LobCreatorBuilderImpl:124 - HHH000424: Disabling contextual LOB creation as createClob() method threw error : java.lang.reflect.InvocationTargetException
2017-04-12 13:26:00 INFO  BasicTypeRegistry:148 - HHH000270: Type registration [java.util.UUID] overrides previous : org.hibernate.type.UUIDBinaryType@787b4ec6
2017-04-12 13:26:02 INFO  QueryTranslatorFactoryInitiator:47 - HHH000397: Using ASTQueryTranslatorFactory
2017-04-12 13:26:07 INFO  UserController:128 - Start loadUserByUsername method
2017-04-12 13:26:07 INFO  UserController:54 - Start loadNewsById method
2017-04-12 13:26:10 INFO  FriendsController:121 - Start loadFriendsById method
2017-04-12 13:26:12 INFO  UserController:54 - Start loadNewsById method
2017-04-12 13:26:13 INFO  UserController:128 - Start loadUserByUsername method
2017-04-12 13:26:15 INFO  FriendsController:67 - Start loadRequestedFriendsById method
2017-04-12 13:26:21 INFO  UserController:100 - Start loadNewsByFriends method
2017-04-12 13:26:22 INFO  FriendsController:67 - Start loadRequestedFriendsById method
2017-04-12 13:26:24 INFO  UserController:78 - Start loadPossibleFriends method
2017-04-12 13:26:26 INFO  FriendsController:121 - Start loadFriendsById method
2017-04-12 13:26:31 INFO  UserController:100 - Start loadNewsByFriends method
2017-04-12 13:28:39 INFO  FriendsController:67 - Start loadRequestedFriendsById method
2017-04-12 13:28:41 INFO  FriendsController:121 - Start loadFriendsById method
2017-04-12 13:28:44 INFO  UserController:100 - Start loadNewsByFriends method
2017-04-12 14:27:49 INFO  AuthController:46 - Autenticate method with token generating
2017-04-12 14:27:49 INFO  UserController:128 - Start loadUserByUsername method
2017-04-12 14:27:51 INFO  UserController:128 - Start loadUserByUsername method
2017-04-12 14:27:52 INFO  UserController:54 - Start loadNewsById method
2017-04-12 14:27:53 INFO  FriendsController:121 - Start loadFriendsById method
2017-04-12 14:27:55 INFO  UserController:78 - Start loadPossibleFriends method
2017-04-12 14:27:56 INFO  FriendsController:67 - Start loadRequestedFriendsById method
2017-04-12 14:27:56 INFO  UserController:100 - Start loadNewsByFriends method
2017-04-12 14:27:59 INFO  FriendsController:67 - Start loadRequestedFriendsById method
2017-04-12 14:28:00 INFO  UserController:100 - Start loadNewsByFriends method
2017-04-12 14:28:05 INFO  FriendsController:121 - Start loadFriendsById method
2017-04-12 14:39:35 INFO  LogHelper:31 - HHH000204: Processing PersistenceUnitInfo [
	name: default
	...]
2017-04-12 14:39:35 INFO  Version:45 - HHH000412: Hibernate Core {5.2.6.Final}
2017-04-12 14:39:35 INFO  Environment:213 - HHH000206: hibernate.properties not found
2017-04-12 14:39:35 INFO  Version:66 - HCANN000001: Hibernate Commons Annotations {5.0.1.Final}
2017-04-12 14:39:35 INFO  Dialect:157 - HHH000400: Using dialect: org.hibernate.dialect.PostgreSQL94Dialect
2017-04-12 14:39:36 INFO  LobCreatorBuilderImpl:124 - HHH000424: Disabling contextual LOB creation as createClob() method threw error : java.lang.reflect.InvocationTargetException
2017-04-12 14:39:36 INFO  BasicTypeRegistry:148 - HHH000270: Type registration [java.util.UUID] overrides previous : org.hibernate.type.UUIDBinaryType@558df46
2017-04-12 14:39:37 INFO  QueryTranslatorFactoryInitiator:47 - HHH000397: Using ASTQueryTranslatorFactory
2017-04-12 14:39:42 INFO  UserController:128 - Start loadUserByUsername method
2017-04-12 14:39:42 INFO  FriendsController:121 - Start loadFriendsById method
2017-04-12 14:39:49 INFO  UserController:128 - Start loadUserByUsername method
2017-04-12 14:39:51 INFO  FriendsController:121 - Start loadFriendsById method
2017-04-12 14:39:52 INFO  UserController:78 - Start loadPossibleFriends method
2017-04-12 14:39:54 INFO  FriendsController:67 - Start loadRequestedFriendsById method
2017-04-12 14:39:55 INFO  UserController:100 - Start loadNewsByFriends method
2017-04-12 14:39:59 INFO  FriendsController:67 - Start loadRequestedFriendsById method
2017-04-12 14:40:13 INFO  AuthController:46 - Autenticate method with token generating
2017-04-12 14:40:13 INFO  UserController:128 - Start loadUserByUsername method
2017-04-12 14:40:15 INFO  UserController:128 - Start loadUserByUsername method
2017-04-12 14:40:19 INFO  UserController:78 - Start loadPossibleFriends method
2017-04-12 14:40:31 INFO  FriendsController:67 - Start loadRequestedFriendsById method
2017-04-12 14:40:35 INFO  UserController:100 - Start loadNewsByFriends method
2017-04-12 16:07:57 INFO  LogHelper:31 - HHH000204: Processing PersistenceUnitInfo [
	name: default
	...]
2017-04-12 16:07:57 INFO  Version:45 - HHH000412: Hibernate Core {5.2.6.Final}
2017-04-12 16:07:57 INFO  Environment:213 - HHH000206: hibernate.properties not found
2017-04-12 16:07:58 INFO  Version:66 - HCANN000001: Hibernate Commons Annotations {5.0.1.Final}
2017-04-12 16:07:59 INFO  Dialect:157 - HHH000400: Using dialect: org.hibernate.dialect.PostgreSQL94Dialect
2017-04-12 16:07:59 INFO  LobCreatorBuilderImpl:124 - HHH000424: Disabling contextual LOB creation as createClob() method threw error : java.lang.reflect.InvocationTargetException
2017-04-12 16:07:59 INFO  BasicTypeRegistry:148 - HHH000270: Type registration [java.util.UUID] overrides previous : org.hibernate.type.UUIDBinaryType@6ec39ca9
2017-04-12 16:08:03 INFO  QueryTranslatorFactoryInitiator:47 - HHH000397: Using ASTQueryTranslatorFactory
2017-04-12 17:47:41 INFO  AuthController:46 - Autenticate method with token generating
2017-04-12 17:47:41 INFO  UserController:128 - Start loadUserByUsername method
2017-04-12 17:47:58 INFO  UserController:128 - Start loadUserByUsername method
2017-04-12 17:48:06 INFO  UserController:54 - Start loadNewsById method
2017-04-12 17:48:12 INFO  FriendsController:121 - Start loadFriendsById method
2017-04-12 17:48:17 INFO  UserController:78 - Start loadPossibleFriends method
2017-04-12 17:48:31 INFO  FriendsController:42 - Start createFriends method
2017-04-12 17:48:58 INFO  AuthController:46 - Autenticate method with token generating
2017-04-12 17:48:58 INFO  UserController:128 - Start loadUserByUsername method
2017-04-12 17:49:01 INFO  FriendsController:67 - Start loadRequestedFriendsById method
2017-04-12 17:49:07 INFO  UserController:100 - Start loadNewsByFriends method
2017-04-13 06:15:03 INFO  FriendsController:121 - Start loadFriendsById method
2017-04-13 06:15:10 INFO  UserController:54 - Start loadNewsById method
2017-04-13 06:15:11 INFO  FriendsController:121 - Start loadFriendsById method
2017-04-17 15:11:22 INFO  LogHelper:31 - HHH000204: Processing PersistenceUnitInfo [
	name: default
	...]
2017-04-17 15:11:22 INFO  Version:45 - HHH000412: Hibernate Core {5.2.6.Final}
2017-04-17 15:11:22 INFO  Environment:213 - HHH000206: hibernate.properties not found
2017-04-17 15:11:23 INFO  Version:66 - HCANN000001: Hibernate Commons Annotations {5.0.1.Final}
2017-04-17 15:11:25 INFO  Dialect:157 - HHH000400: Using dialect: org.hibernate.dialect.PostgreSQL94Dialect
2017-04-17 15:11:26 INFO  LobCreatorBuilderImpl:124 - HHH000424: Disabling contextual LOB creation as createClob() method threw error : java.lang.reflect.InvocationTargetException
2017-04-17 15:11:26 INFO  BasicTypeRegistry:148 - HHH000270: Type registration [java.util.UUID] overrides previous : org.hibernate.type.UUIDBinaryType@af541c8
2017-04-17 15:11:30 INFO  QueryTranslatorFactoryInitiator:47 - HHH000397: Using ASTQueryTranslatorFactory
2017-04-17 15:14:07 INFO  AuthController:46 - Autenticate method with token generating
2017-04-17 15:14:07 INFO  UserController:128 - Start loadUserByUsername method
2017-04-20 10:40:30 INFO  LogHelper:31 - HHH000204: Processing PersistenceUnitInfo [
	name: default
	...]
2017-04-20 10:40:30 INFO  Version:45 - HHH000412: Hibernate Core {5.2.6.Final}
2017-04-20 10:40:30 INFO  Environment:213 - HHH000206: hibernate.properties not found
2017-04-20 10:40:30 INFO  Version:66 - HCANN000001: Hibernate Commons Annotations {5.0.1.Final}
2017-04-20 10:40:31 INFO  Dialect:157 - HHH000400: Using dialect: org.hibernate.dialect.PostgreSQL94Dialect
2017-04-20 10:40:32 INFO  LobCreatorBuilderImpl:124 - HHH000424: Disabling contextual LOB creation as createClob() method threw error : java.lang.reflect.InvocationTargetException
2017-04-20 10:40:32 INFO  BasicTypeRegistry:148 - HHH000270: Type registration [java.util.UUID] overrides previous : org.hibernate.type.UUIDBinaryType@2da0f77c
2017-04-20 10:40:34 INFO  QueryTranslatorFactoryInitiator:47 - HHH000397: Using ASTQueryTranslatorFactory
2017-04-20 11:29:40 INFO  AuthController:46 - Autenticate method with token generating
2017-04-20 11:29:40 INFO  UserController:128 - Start loadUserByUsername method
2017-04-20 11:29:46 INFO  UserController:128 - Start loadUserByUsername method
2017-04-20 11:29:48 INFO  UserController:54 - Start loadNewsById method
2017-04-20 11:29:51 INFO  FriendsController:121 - Start loadFriendsById method
2017-04-20 11:29:53 INFO  UserController:78 - Start loadPossibleFriends method
2017-04-20 11:29:54 INFO  FriendsController:121 - Start loadFriendsById method
2017-04-20 11:29:57 INFO  UserController:78 - Start loadPossibleFriends method
2017-04-20 11:29:59 INFO  FriendsController:67 - Start loadRequestedFriendsById method
2017-04-20 11:30:00 INFO  UserController:100 - Start loadNewsByFriends method
2017-04-20 12:02:51 INFO  UserController:128 - Start loadUserByUsername method
2017-05-01 08:34:21 INFO  LogHelper:31 - HHH000204: Processing PersistenceUnitInfo [
	name: default
	...]
2017-05-01 08:34:21 INFO  Version:45 - HHH000412: Hibernate Core {5.2.6.Final}
2017-05-01 08:34:21 INFO  Environment:213 - HHH000206: hibernate.properties not found
2017-05-01 08:34:21 INFO  Version:66 - HCANN000001: Hibernate Commons Annotations {5.0.1.Final}
2017-05-01 08:34:22 INFO  Dialect:157 - HHH000400: Using dialect: org.hibernate.dialect.PostgreSQL94Dialect
2017-05-01 08:34:23 INFO  LobCreatorBuilderImpl:124 - HHH000424: Disabling contextual LOB creation as createClob() method threw error : java.lang.reflect.InvocationTargetException
2017-05-01 08:34:23 INFO  BasicTypeRegistry:148 - HHH000270: Type registration [java.util.UUID] overrides previous : org.hibernate.type.UUIDBinaryType@702d6bdf
2017-05-01 08:34:24 INFO  QueryTranslatorFactoryInitiator:47 - HHH000397: Using ASTQueryTranslatorFactory
2017-05-01 08:35:34 INFO  LogHelper:31 - HHH000204: Processing PersistenceUnitInfo [
	name: default
	...]
2017-05-01 08:35:34 INFO  Version:45 - HHH000412: Hibernate Core {5.2.6.Final}
2017-05-01 08:35:34 INFO  Environment:213 - HHH000206: hibernate.properties not found
2017-05-01 08:35:35 INFO  Version:66 - HCANN000001: Hibernate Commons Annotations {5.0.1.Final}
2017-05-01 08:35:35 INFO  Dialect:157 - HHH000400: Using dialect: org.hibernate.dialect.PostgreSQL94Dialect
2017-05-01 08:35:35 INFO  LobCreatorBuilderImpl:124 - HHH000424: Disabling contextual LOB creation as createClob() method threw error : java.lang.reflect.InvocationTargetException
2017-05-01 08:35:35 INFO  BasicTypeRegistry:148 - HHH000270: Type registration [java.util.UUID] overrides previous : org.hibernate.type.UUIDBinaryType@2ce44b7a
2017-05-01 08:35:37 INFO  QueryTranslatorFactoryInitiator:47 - HHH000397: Using ASTQueryTranslatorFactory
2017-05-01 08:36:00 INFO  UserController:62 - Start loadAllUsers method
2017-05-01 08:38:15 INFO  LogHelper:31 - HHH000204: Processing PersistenceUnitInfo [
	name: default
	...]
2017-05-01 08:38:15 INFO  Version:45 - HHH000412: Hibernate Core {5.2.6.Final}
2017-05-01 08:38:15 INFO  Environment:213 - HHH000206: hibernate.properties not found
2017-05-01 08:38:15 INFO  Version:66 - HCANN000001: Hibernate Commons Annotations {5.0.1.Final}
2017-05-01 08:38:15 INFO  Dialect:157 - HHH000400: Using dialect: org.hibernate.dialect.PostgreSQL94Dialect
2017-05-01 08:38:15 INFO  LobCreatorBuilderImpl:124 - HHH000424: Disabling contextual LOB creation as createClob() method threw error : java.lang.reflect.InvocationTargetException
2017-05-01 08:38:15 INFO  BasicTypeRegistry:148 - HHH000270: Type registration [java.util.UUID] overrides previous : org.hibernate.type.UUIDBinaryType@27fb277e
2017-05-01 08:38:16 INFO  QueryTranslatorFactoryInitiator:47 - HHH000397: Using ASTQueryTranslatorFactory
2017-05-01 08:38:56 INFO  LogHelper:31 - HHH000204: Processing PersistenceUnitInfo [
	name: default
	...]
2017-05-01 08:38:56 INFO  Version:45 - HHH000412: Hibernate Core {5.2.6.Final}
2017-05-01 08:38:56 INFO  Environment:213 - HHH000206: hibernate.properties not found
2017-05-01 08:38:56 INFO  Version:66 - HCANN000001: Hibernate Commons Annotations {5.0.1.Final}
2017-05-01 08:38:57 INFO  Dialect:157 - HHH000400: Using dialect: org.hibernate.dialect.PostgreSQL94Dialect
2017-05-01 08:38:57 INFO  LobCreatorBuilderImpl:124 - HHH000424: Disabling contextual LOB creation as createClob() method threw error : java.lang.reflect.InvocationTargetException
2017-05-01 08:38:57 INFO  BasicTypeRegistry:148 - HHH000270: Type registration [java.util.UUID] overrides previous : org.hibernate.type.UUIDBinaryType@6a4fb624
2017-05-01 08:38:59 INFO  QueryTranslatorFactoryInitiator:47 - HHH000397: Using ASTQueryTranslatorFactory
2017-05-01 08:39:23 INFO  AuthController:46 - Autenticate method with token generating
2017-05-01 08:39:23 INFO  AuthController:46 - Autenticate method with token generating
2017-05-01 08:39:23 INFO  UserController:62 - Start loadAllUsers method
